<?xml version="1.0" encoding="UTF-8"?>
<!-- Generated by org.testng.reporters.JUnitXMLReporter -->
<testsuite ignored="0" hostname="STIPL-SMBD0080" failures="0" tests="4" name="Default test" time="7.498" errors="0" timestamp="2024-10-29T13:19:04 IST">
  <testcase classname="api.test.UserTest2" name="test_PostUser" time="2.656"/>
  <testcase classname="api.test.UserTest2" name="test_GetUser_ByName" time="1.006"/>
  <testcase classname="api.test.UserTest2" name="test_UpdateUser_ByName" time="1.764"/>
  <testcase classname="api.test.UserTest2" name="test_DeleteUser_ByName" time="0.985"/>
</testsuite> <!-- Default test -->
