<?xml version="1.0" encoding="UTF-8"?>
<!-- Generated by org.testng.reporters.JUnitXMLReporter -->
<testsuite ignored="0" hostname="STIPL-SMBD0080" failures="0" tests="4" name="Test" time="8.328" errors="0" timestamp="2024-10-29T12:47:52 IST">
  <testcase classname="api.test.UserTest2" name="test_PostUser" time="2.629"/>
  <testcase classname="api.test.UserTest2" name="test_GetUser_ByName" time="1.019"/>
  <testcase classname="api.test.UserTest2" name="test_UpdateUser_ByName" time="1.787"/>
  <testcase classname="api.test.UserTest2" name="test_DeleteUser_ByName" time="0.988"/>
</testsuite> <!-- Test -->
