<?xml version="1.0" encoding="UTF-8"?>
<!-- Generated by org.testng.reporters.JUnitXMLReporter -->
<testsuite ignored="0" hostname="STIPL-SMBD0080" failures="0" tests="4" name="Test" time="6.983" errors="0" timestamp="2024-10-29T15:08:25 IST">
  <testcase classname="api.test.UserTest2" name="test_PostUser" time="2.02"/>
  <testcase classname="api.test.UserTest2" name="test_GetUser_ByName" time="1.015"/>
  <testcase classname="api.test.UserTest2" name="test_UpdateUser_ByName" time="1.766"/>
  <testcase classname="api.test.UserTest2" name="test_DeleteUser_ByName" time="0.984"/>
</testsuite> <!-- Test -->
