<?xml version="1.0" encoding="UTF-8"?>
<testng-results ignored="0" total="4" passed="4" failed="0" skipped="0">
  <reporter-output>
  </reporter-output>
  <suite started-at="2024-10-29T15:08:18 IST" name="Suite" finished-at="2024-10-29T15:08:25 IST" duration-ms="6983">
    <groups>
    </groups>
    <test started-at="2024-10-29T15:08:18 IST" name="Test" finished-at="2024-10-29T15:08:25 IST" duration-ms="6983">
      <class name="api.test.UserTest2">
        <test-method is-config="true" signature="Setup()[pri:0, instance:api.test.UserTest2@5e0826e7]" started-at="2024-10-29T15:08:18 IST" name="Setup" finished-at="2024-10-29T15:08:19 IST" duration-ms="990" status="PASS">
          <reporter-output>
          </reporter-output>
        </test-method> <!-- Setup -->
        <test-method signature="test_PostUser()[pri:1, instance:api.test.UserTest2@5e0826e7]" started-at="2024-10-29T15:08:19 IST" name="test_PostUser" finished-at="2024-10-29T15:08:21 IST" duration-ms="2020" status="PASS">
          <reporter-output>
          </reporter-output>
        </test-method> <!-- test_PostUser -->
        <test-method signature="test_GetUser_ByName()[pri:2, instance:api.test.UserTest2@5e0826e7]" started-at="2024-10-29T15:08:21 IST" name="test_GetUser_ByName" finished-at="2024-10-29T15:08:22 IST" duration-ms="1015" status="PASS">
          <reporter-output>
          </reporter-output>
        </test-method> <!-- test_GetUser_ByName -->
        <test-method signature="test_UpdateUser_ByName()[pri:3, instance:api.test.UserTest2@5e0826e7]" started-at="2024-10-29T15:08:22 IST" name="test_UpdateUser_ByName" finished-at="2024-10-29T15:08:24 IST" duration-ms="1766" status="PASS">
          <reporter-output>
          </reporter-output>
        </test-method> <!-- test_UpdateUser_ByName -->
        <test-method signature="test_DeleteUser_ByName()[pri:4, instance:api.test.UserTest2@5e0826e7]" started-at="2024-10-29T15:08:24 IST" name="test_DeleteUser_ByName" finished-at="2024-10-29T15:08:25 IST" duration-ms="984" status="PASS">
          <reporter-output>
          </reporter-output>
        </test-method> <!-- test_DeleteUser_ByName -->
      </class> <!-- api.test.UserTest2 -->
    </test> <!-- Test -->
  </suite> <!-- Suite -->
</testng-results>
